<?xml version="1.0" encoding="UTF-8"?>
<coverage generated="1737284825612" clover="3.2.0">
  <project timestamp="1737284825612" name="All files">
    <metrics statements="122" coveredstatements="16" conditionals="34" coveredconditionals="5" methods="32" coveredmethods="4" elements="188" coveredelements="25" complexity="0" loc="122" ncloc="122" packages="4" files="4" classes="4"/>
    <package name="components.Layout">
      <metrics statements="16" coveredstatements="13" conditionals="8" coveredconditionals="5" methods="5" coveredmethods="4"/>
      <file name="index.js" path="C:\Users\Lenovo\Documents\Project 2\frontend\src\components\Layout\index.js">
        <metrics statements="16" coveredstatements="13" conditionals="8" coveredconditionals="5" methods="5" coveredmethods="4"/>
        <line num="11" count="1" type="stmt"/>
        <line num="12" count="1" type="stmt"/>
        <line num="13" count="1" type="stmt"/>
        <line num="18" count="1" type="stmt"/>
        <line num="19" count="1" type="stmt"/>
        <line num="20" count="1" type="cond" truecount="2" falsecount="2"/>
        <line num="21" count="0" type="stmt"/>
        <line num="29" count="1" type="stmt"/>
        <line num="32" count="1" type="stmt"/>
        <line num="35" count="1" type="stmt"/>
        <line num="36" count="0" type="stmt"/>
        <line num="44" count="1" type="stmt"/>
        <line num="45" count="1" type="stmt"/>
        <line num="49" count="1" type="cond" truecount="1" falsecount="1"/>
        <line num="50" count="1" type="stmt"/>
        <line num="61" count="0" type="stmt"/>
      </file>
    </package>
    <package name="routes.CheckRecords">
      <metrics statements="31" coveredstatements="1" conditionals="6" coveredconditionals="0" methods="6" coveredmethods="0"/>
      <file name="index.js" path="C:\Users\Lenovo\Documents\Project 2\frontend\src\routes\CheckRecords\index.js">
        <metrics statements="31" coveredstatements="1" conditionals="6" coveredconditionals="0" methods="6" coveredmethods="0"/>
        <line num="9" count="1" type="stmt"/>
        <line num="12" count="0" type="stmt"/>
        <line num="13" count="0" type="stmt"/>
        <line num="16" count="0" type="stmt"/>
        <line num="17" count="0" type="cond" truecount="0" falsecount="2"/>
        <line num="18" count="0" type="stmt"/>
        <line num="19" count="0" type="stmt"/>
        <line num="20" count="0" type="stmt"/>
        <line num="23" count="0" type="stmt"/>
        <line num="24" count="0" type="stmt"/>
        <line num="25" count="0" type="stmt"/>
        <line num="27" count="0" type="cond" truecount="0" falsecount="2"/>
        <line num="28" count="0" type="stmt"/>
        <line num="29" count="0" type="stmt"/>
        <line num="30" count="0" type="stmt"/>
        <line num="33" count="0" type="stmt"/>
        <line num="40" count="0" type="cond" truecount="0" falsecount="2"/>
        <line num="41" count="0" type="stmt"/>
        <line num="44" count="0" type="stmt"/>
        <line num="45" count="0" type="stmt"/>
        <line num="46" count="0" type="stmt"/>
        <line num="48" count="0" type="stmt"/>
        <line num="49" count="0" type="stmt"/>
        <line num="53" count="0" type="stmt"/>
        <line num="55" count="0" type="stmt"/>
        <line num="56" count="0" type="stmt"/>
        <line num="57" count="0" type="stmt"/>
        <line num="68" count="0" type="stmt"/>
        <line num="71" count="0" type="stmt"/>
        <line num="100" count="0" type="stmt"/>
        <line num="103" count="0" type="stmt"/>
      </file>
    </package>
    <package name="routes.CheckSchedule">
      <metrics statements="60" coveredstatements="1" conditionals="12" coveredconditionals="0" methods="18" coveredmethods="0"/>
      <file name="index.js" path="C:\Users\Lenovo\Documents\Project 2\frontend\src\routes\CheckSchedule\index.js">
        <metrics statements="60" coveredstatements="1" conditionals="12" coveredconditionals="0" methods="18" coveredmethods="0"/>
        <line num="7" count="1" type="stmt"/>
        <line num="10" count="0" type="stmt"/>
        <line num="11" count="0" type="stmt"/>
        <line num="12" count="0" type="stmt"/>
        <line num="13" count="0" type="stmt"/>
        <line num="14" count="0" type="stmt"/>
        <line num="15" count="0" type="stmt"/>
        <line num="18" count="0" type="stmt"/>
        <line num="19" count="0" type="cond" truecount="0" falsecount="2"/>
        <line num="20" count="0" type="stmt"/>
        <line num="21" count="0" type="stmt"/>
        <line num="22" count="0" type="stmt"/>
        <line num="25" count="0" type="stmt"/>
        <line num="26" count="0" type="stmt"/>
        <line num="27" count="0" type="stmt"/>
        <line num="29" count="0" type="cond" truecount="0" falsecount="2"/>
        <line num="30" count="0" type="stmt"/>
        <line num="31" count="0" type="stmt"/>
        <line num="32" count="0" type="stmt"/>
        <line num="35" count="0" type="stmt"/>
        <line num="42" count="0" type="cond" truecount="0" falsecount="2"/>
        <line num="43" count="0" type="stmt"/>
        <line num="46" count="0" type="stmt"/>
        <line num="47" count="0" type="stmt"/>
        <line num="48" count="0" type="stmt"/>
        <line num="50" count="0" type="stmt"/>
        <line num="51" count="0" type="stmt"/>
        <line num="55" count="0" type="stmt"/>
        <line num="57" count="0" type="stmt"/>
        <line num="58" count="0" type="stmt"/>
        <line num="59" count="0" type="stmt"/>
        <line num="70" count="0" type="stmt"/>
        <line num="73" count="0" type="stmt"/>
        <line num="74" count="0" type="stmt"/>
        <line num="75" count="0" type="stmt"/>
        <line num="78" count="0" type="stmt"/>
        <line num="79" count="0" type="stmt"/>
        <line num="80" count="0" type="stmt"/>
        <line num="81" count="0" type="stmt"/>
        <line num="82" count="0" type="stmt"/>
        <line num="84" count="0" type="stmt"/>
        <line num="89" count="0" type="stmt"/>
        <line num="90" count="0" type="stmt"/>
        <line num="97" count="0" type="cond" truecount="0" falsecount="2"/>
        <line num="98" count="0" type="stmt"/>
        <line num="101" count="0" type="stmt"/>
        <line num="105" count="0" type="stmt"/>
        <line num="106" count="0" type="stmt"/>
        <line num="107" count="0" type="stmt"/>
        <line num="110" count="0" type="stmt"/>
        <line num="111" count="0" type="cond" truecount="0" falsecount="2"/>
        <line num="112" count="0" type="stmt"/>
        <line num="115" count="0" type="stmt"/>
        <line num="145" count="0" type="stmt"/>
        <line num="150" count="0" type="stmt"/>
        <line num="158" count="0" type="stmt"/>
        <line num="168" count="0" type="stmt"/>
        <line num="170" count="0" type="stmt"/>
        <line num="182" count="0" type="stmt"/>
        <line num="190" count="0" type="stmt"/>
      </file>
    </package>
    <package name="routes.CheckSchedule.component">
      <metrics statements="15" coveredstatements="1" conditionals="8" coveredconditionals="0" methods="3" coveredmethods="0"/>
      <file name="Update.js" path="C:\Users\Lenovo\Documents\Project 2\frontend\src\routes\CheckSchedule\component\Update.js">
        <metrics statements="15" coveredstatements="1" conditionals="8" coveredconditionals="0" methods="3" coveredmethods="0"/>
        <line num="5" count="1" type="stmt"/>
        <line num="8" count="0" type="stmt"/>
        <line num="10" count="0" type="stmt"/>
        <line num="11" count="0" type="cond" truecount="0" falsecount="2"/>
        <line num="12" count="0" type="stmt"/>
        <line num="27" count="0" type="stmt"/>
        <line num="28" count="0" type="stmt"/>
        <line num="38" count="0" type="stmt"/>
        <line num="46" count="0" type="cond" truecount="0" falsecount="2"/>
        <line num="47" count="0" type="stmt"/>
        <line num="50" count="0" type="stmt"/>
        <line num="51" count="0" type="stmt"/>
        <line num="53" count="0" type="stmt"/>
        <line num="54" count="0" type="stmt"/>
        <line num="58" count="0" type="stmt"/>
      </file>
    </package>
  </project>
</coverage>
