{"C:\\Users\\Lenovo\\Documents\\Project 2\\frontend\\src\\components\\Layout\\index.js": {"path":"C:\\Users\\Lenovo\\Documents\\Project 2\\frontend\\src\\components\\Layout\\index.js","statementMap":{"0":{"start":{"line":11,"column":30},"end":{"line":11,"column":44}},"1":{"start":{"line":12,"column":19},"end":{"line":12,"column":33}},"2":{"start":{"line":13,"column":19},"end":{"line":13,"column":32}},"3":{"start":{"line":18,"column":21},"end":{"line":18,"column":39}},"4":{"start":{"line":19,"column":2},"end":{"line":27,"column":19}},"5":{"start":{"line":20,"column":4},"end":{"line":26,"column":5}},"6":{"start":{"line":21,"column":6},"end":{"line":25,"column":9}},"7":{"start":{"line":29,"column":2},"end":{"line":47,"column":8}},"8":{"start":{"line":32,"column":4},"end":{"line":32,"column":18}},"9":{"start":{"line":35,"column":4},"end":{"line":41,"column":6}},"10":{"start":{"line":36,"column":6},"end":{"line":40,"column":9}},"11":{"start":{"line":44,"column":4},"end":{"line":46,"column":6}},"12":{"start":{"line":45,"column":6},"end":{"line":45,"column":25}},"13":{"start":{"line":49,"column":2},"end":{"line":59,"column":3}},"14":{"start":{"line":50,"column":4},"end":{"line":58,"column":5}},"15":{"start":{"line":61,"column":2},"end":{"line":71,"column":4}}},"fnMap":{"0":{"name":"Layout","decl":{"start":{"line":10,"column":9},"end":{"line":10,"column":15}},"loc":{"start":{"line":10,"column":18},"end":{"line":72,"column":1}},"line":10},"1":{"name":"(anonymous_1)","decl":{"start":{"line":19,"column":12},"end":{"line":19,"column":13}},"loc":{"start":{"line":19,"column":18},"end":{"line":27,"column":3}},"line":19},"2":{"name":"(anonymous_2)","decl":{"start":{"line":29,"column":12},"end":{"line":29,"column":13}},"loc":{"start":{"line":29,"column":18},"end":{"line":47,"column":3}},"line":29},"3":{"name":"(anonymous_3)","decl":{"start":{"line":35,"column":30},"end":{"line":35,"column":31}},"loc":{"start":{"line":35,"column":40},"end":{"line":41,"column":5}},"line":35},"4":{"name":"(anonymous_4)","decl":{"start":{"line":44,"column":12},"end":{"line":44,"column":13}},"loc":{"start":{"line":44,"column":18},"end":{"line":46,"column":5}},"line":44}},"branchMap":{"0":{"loc":{"start":{"line":20,"column":4},"end":{"line":26,"column":5}},"type":"if","locations":[{"start":{"line":20,"column":4},"end":{"line":26,"column":5}},{"start":{},"end":{}}],"line":20},"1":{"loc":{"start":{"line":20,"column":8},"end":{"line":20,"column":31}},"type":"binary-expr","locations":[{"start":{"line":20,"column":8},"end":{"line":20,"column":18}},{"start":{"line":20,"column":22},"end":{"line":20,"column":31}}],"line":20},"2":{"loc":{"start":{"line":49,"column":2},"end":{"line":59,"column":3}},"type":"if","locations":[{"start":{"line":49,"column":2},"end":{"line":59,"column":3}},{"start":{},"end":{}}],"line":49},"3":{"loc":{"start":{"line":53,"column":10},"end":{"line":53,"column":76}},"type":"binary-expr","locations":[{"start":{"line":53,"column":10},"end":{"line":53,"column":62}},{"start":{"line":53,"column":66},"end":{"line":53,"column":76}}],"line":53}},"s":{"0":1,"1":1,"2":1,"3":1,"4":1,"5":1,"6":0,"7":1,"8":1,"9":1,"10":0,"11":1,"12":1,"13":1,"14":1,"15":0},"f":{"0":1,"1":1,"2":1,"3":0,"4":1},"b":{"0":[0,1],"1":[1,0],"2":[1,0],"3":[1,1]},"_coverageSchema":"1a1c01bbd47fc00a2c39e90264f33305004495a9","hash":"b2f456c9b34c1527c9be33c2c5b845eeb54d9cd7"}
,"C:\\Users\\Lenovo\\Documents\\Project 2\\frontend\\src\\routes\\CheckRecords\\index.js": {"path":"C:\\Users\\Lenovo\\Documents\\Project 2\\frontend\\src\\routes\\CheckRecords\\index.js","statementMap":{"0":{"start":{"line":9,"column":18},"end":{"line":9,"column":24}},"1":{"start":{"line":12,"column":19},"end":{"line":12,"column":32}},"2":{"start":{"line":13,"column":36},"end":{"line":13,"column":48}},"3":{"start":{"line":16,"column":23},"end":{"line":16,"column":41}},"4":{"start":{"line":17,"column":4},"end":{"line":21,"column":5}},"5":{"start":{"line":18,"column":6},"end":{"line":18,"column":59}},"6":{"start":{"line":19,"column":6},"end":{"line":19,"column":25}},"7":{"start":{"line":20,"column":6},"end":{"line":20,"column":16}},"8":{"start":{"line":23,"column":4},"end":{"line":50,"column":5}},"9":{"start":{"line":24,"column":19},"end":{"line":24,"column":41}},"10":{"start":{"line":25,"column":21},"end":{"line":25,"column":33}},"11":{"start":{"line":27,"column":6},"end":{"line":31,"column":7}},"12":{"start":{"line":28,"column":8},"end":{"line":28,"column":62}},"13":{"start":{"line":29,"column":8},"end":{"line":29,"column":27}},"14":{"start":{"line":30,"column":8},"end":{"line":30,"column":18}},"15":{"start":{"line":33,"column":23},"end":{"line":38,"column":8}},"16":{"start":{"line":40,"column":6},"end":{"line":42,"column":7}},"17":{"start":{"line":41,"column":8},"end":{"line":41,"column":53}},"18":{"start":{"line":44,"column":19},"end":{"line":44,"column":40}},"19":{"start":{"line":45,"column":6},"end":{"line":45,"column":43}},"20":{"start":{"line":46,"column":6},"end":{"line":46,"column":23}},"21":{"start":{"line":48,"column":6},"end":{"line":48,"column":56}},"22":{"start":{"line":49,"column":6},"end":{"line":49,"column":16}},"23":{"start":{"line":53,"column":2},"end":{"line":69,"column":17}},"24":{"start":{"line":55,"column":19},"end":{"line":55,"column":41}},"25":{"start":{"line":56,"column":6},"end":{"line":65,"column":8}},"26":{"start":{"line":57,"column":28},"end":{"line":64,"column":9}},"27":{"start":{"line":68,"column":4},"end":{"line":68,"column":16}},"28":{"start":{"line":71,"column":18},"end":{"line":97,"column":3}},"29":{"start":{"line":100,"column":4},"end":{"line":100,"column":26}},"30":{"start":{"line":103,"column":6},"end":{"line":113,"column":5}}},"fnMap":{"0":{"name":"CheckRecords","decl":{"start":{"line":11,"column":9},"end":{"line":11,"column":21}},"loc":{"start":{"line":11,"column":23},"end":{"line":114,"column":1}},"line":11},"1":{"name":"fetchReminders","decl":{"start":{"line":15,"column":17},"end":{"line":15,"column":31}},"loc":{"start":{"line":15,"column":34},"end":{"line":51,"column":3}},"line":15},"2":{"name":"(anonymous_2)","decl":{"start":{"line":53,"column":12},"end":{"line":53,"column":13}},"loc":{"start":{"line":53,"column":18},"end":{"line":69,"column":3}},"line":53},"3":{"name":"fetchData","decl":{"start":{"line":54,"column":19},"end":{"line":54,"column":28}},"loc":{"start":{"line":54,"column":31},"end":{"line":66,"column":5}},"line":54},"4":{"name":"(anonymous_4)","decl":{"start":{"line":57,"column":17},"end":{"line":57,"column":18}},"loc":{"start":{"line":57,"column":28},"end":{"line":64,"column":9}},"line":57},"5":{"name":"handleBack","decl":{"start":{"line":99,"column":11},"end":{"line":99,"column":21}},"loc":{"start":{"line":99,"column":23},"end":{"line":101,"column":3}},"line":99}},"branchMap":{"0":{"loc":{"start":{"line":17,"column":4},"end":{"line":21,"column":5}},"type":"if","locations":[{"start":{"line":17,"column":4},"end":{"line":21,"column":5}},{"start":{},"end":{}}],"line":17},"1":{"loc":{"start":{"line":27,"column":6},"end":{"line":31,"column":7}},"type":"if","locations":[{"start":{"line":27,"column":6},"end":{"line":31,"column":7}},{"start":{},"end":{}}],"line":27},"2":{"loc":{"start":{"line":40,"column":6},"end":{"line":42,"column":7}},"type":"if","locations":[{"start":{"line":40,"column":6},"end":{"line":42,"column":7}},{"start":{},"end":{}}],"line":40}},"s":{"0":1,"1":0,"2":0,"3":0,"4":0,"5":0,"6":0,"7":0,"8":0,"9":0,"10":0,"11":0,"12":0,"13":0,"14":0,"15":0,"16":0,"17":0,"18":0,"19":0,"20":0,"21":0,"22":0,"23":0,"24":0,"25":0,"26":0,"27":0,"28":0,"29":0,"30":0},"f":{"0":0,"1":0,"2":0,"3":0,"4":0,"5":0},"b":{"0":[0,0],"1":[0,0],"2":[0,0]},"_coverageSchema":"1a1c01bbd47fc00a2c39e90264f33305004495a9","hash":"23ec2443244d98e3bcf998549ca1e3fafce733bb"}
,"C:\\Users\\Lenovo\\Documents\\Project 2\\frontend\\src\\routes\\CheckSchedule\\index.js": {"path":"C:\\Users\\Lenovo\\Documents\\Project 2\\frontend\\src\\routes\\CheckSchedule\\index.js","statementMap":{"0":{"start":{"line":7,"column":20},"end":{"line":7,"column":26}},"1":{"start":{"line":10,"column":19},"end":{"line":10,"column":32}},"2":{"start":{"line":11,"column":36},"end":{"line":11,"column":48}},"3":{"start":{"line":12,"column":46},"end":{"line":12,"column":61}},"4":{"start":{"line":13,"column":46},"end":{"line":13,"column":60}},"5":{"start":{"line":14,"column":46},"end":{"line":14,"column":60}},"6":{"start":{"line":15,"column":54},"end":{"line":15,"column":69}},"7":{"start":{"line":18,"column":23},"end":{"line":18,"column":41}},"8":{"start":{"line":19,"column":4},"end":{"line":23,"column":5}},"9":{"start":{"line":20,"column":6},"end":{"line":20,"column":59}},"10":{"start":{"line":21,"column":6},"end":{"line":21,"column":25}},"11":{"start":{"line":22,"column":6},"end":{"line":22,"column":16}},"12":{"start":{"line":25,"column":4},"end":{"line":52,"column":5}},"13":{"start":{"line":26,"column":19},"end":{"line":26,"column":41}},"14":{"start":{"line":27,"column":21},"end":{"line":27,"column":33}},"15":{"start":{"line":29,"column":6},"end":{"line":33,"column":7}},"16":{"start":{"line":30,"column":8},"end":{"line":30,"column":62}},"17":{"start":{"line":31,"column":8},"end":{"line":31,"column":27}},"18":{"start":{"line":32,"column":8},"end":{"line":32,"column":18}},"19":{"start":{"line":35,"column":23},"end":{"line":40,"column":8}},"20":{"start":{"line":42,"column":6},"end":{"line":44,"column":7}},"21":{"start":{"line":43,"column":8},"end":{"line":43,"column":53}},"22":{"start":{"line":46,"column":19},"end":{"line":46,"column":40}},"23":{"start":{"line":47,"column":6},"end":{"line":47,"column":43}},"24":{"start":{"line":48,"column":6},"end":{"line":48,"column":23}},"25":{"start":{"line":50,"column":6},"end":{"line":50,"column":56}},"26":{"start":{"line":51,"column":6},"end":{"line":51,"column":16}},"27":{"start":{"line":55,"column":2},"end":{"line":71,"column":17}},"28":{"start":{"line":57,"column":19},"end":{"line":57,"column":41}},"29":{"start":{"line":58,"column":6},"end":{"line":67,"column":8}},"30":{"start":{"line":59,"column":28},"end":{"line":66,"column":9}},"31":{"start":{"line":70,"column":4},"end":{"line":70,"column":16}},"32":{"start":{"line":73,"column":26},"end":{"line":76,"column":3}},"33":{"start":{"line":74,"column":4},"end":{"line":74,"column":30}},"34":{"start":{"line":75,"column":4},"end":{"line":75,"column":28}},"35":{"start":{"line":78,"column":23},"end":{"line":86,"column":3}},"36":{"start":{"line":79,"column":4},"end":{"line":85,"column":5}},"37":{"start":{"line":80,"column":6},"end":{"line":80,"column":47}},"38":{"start":{"line":81,"column":6},"end":{"line":81,"column":78}},"39":{"start":{"line":81,"column":44},"end":{"line":81,"column":75}},"40":{"start":{"line":82,"column":6},"end":{"line":82,"column":31}},"41":{"start":{"line":84,"column":6},"end":{"line":84,"column":57}},"42":{"start":{"line":89,"column":4},"end":{"line":102,"column":5}},"43":{"start":{"line":90,"column":23},"end":{"line":95,"column":8}},"44":{"start":{"line":97,"column":6},"end":{"line":99,"column":7}},"45":{"start":{"line":98,"column":8},"end":{"line":98,"column":53}},"46":{"start":{"line":101,"column":6},"end":{"line":101,"column":55}},"47":{"start":{"line":105,"column":24},"end":{"line":108,"column":3}},"48":{"start":{"line":106,"column":4},"end":{"line":106,"column":30}},"49":{"start":{"line":107,"column":4},"end":{"line":107,"column":32}},"50":{"start":{"line":110,"column":23},"end":{"line":113,"column":3}},"51":{"start":{"line":111,"column":4},"end":{"line":111,"column":101}},"52":{"start":{"line":111,"column":40},"end":{"line":111,"column":97}},"53":{"start":{"line":112,"column":4},"end":{"line":112,"column":33}},"54":{"start":{"line":115,"column":18},"end":{"line":165,"column":3}},"55":{"start":{"line":145,"column":8},"end":{"line":162,"column":14}},"56":{"start":{"line":150,"column":27},"end":{"line":150,"column":50}},"57":{"start":{"line":158,"column":27},"end":{"line":158,"column":48}},"58":{"start":{"line":168,"column":4},"end":{"line":168,"column":26}},"59":{"start":{"line":170,"column":2},"end":{"line":197,"column":4}},"60":{"start":{"line":182,"column":26},"end":{"line":182,"column":50}},"61":{"start":{"line":190,"column":26},"end":{"line":190,"column":54}}},"fnMap":{"0":{"name":"CheckSchedule","decl":{"start":{"line":9,"column":9},"end":{"line":9,"column":22}},"loc":{"start":{"line":9,"column":25},"end":{"line":198,"column":1}},"line":9},"1":{"name":"fetchReminders","decl":{"start":{"line":17,"column":17},"end":{"line":17,"column":31}},"loc":{"start":{"line":17,"column":34},"end":{"line":53,"column":3}},"line":17},"2":{"name":"(anonymous_2)","decl":{"start":{"line":55,"column":12},"end":{"line":55,"column":13}},"loc":{"start":{"line":55,"column":18},"end":{"line":71,"column":3}},"line":55},"3":{"name":"fetchData","decl":{"start":{"line":56,"column":19},"end":{"line":56,"column":28}},"loc":{"start":{"line":56,"column":31},"end":{"line":68,"column":5}},"line":56},"4":{"name":"(anonymous_4)","decl":{"start":{"line":59,"column":17},"end":{"line":59,"column":18}},"loc":{"start":{"line":59,"column":28},"end":{"line":66,"column":9}},"line":59},"5":{"name":"(anonymous_5)","decl":{"start":{"line":73,"column":26},"end":{"line":73,"column":27}},"loc":{"start":{"line":73,"column":38},"end":{"line":76,"column":3}},"line":73},"6":{"name":"(anonymous_6)","decl":{"start":{"line":78,"column":23},"end":{"line":78,"column":24}},"loc":{"start":{"line":78,"column":35},"end":{"line":86,"column":3}},"line":78},"7":{"name":"(anonymous_7)","decl":{"start":{"line":81,"column":36},"end":{"line":81,"column":37}},"loc":{"start":{"line":81,"column":44},"end":{"line":81,"column":75}},"line":81},"8":{"name":"deleteReminder","decl":{"start":{"line":88,"column":17},"end":{"line":88,"column":31}},"loc":{"start":{"line":88,"column":36},"end":{"line":103,"column":3}},"line":88},"9":{"name":"(anonymous_9)","decl":{"start":{"line":105,"column":24},"end":{"line":105,"column":25}},"loc":{"start":{"line":105,"column":36},"end":{"line":108,"column":3}},"line":105},"10":{"name":"(anonymous_10)","decl":{"start":{"line":110,"column":23},"end":{"line":110,"column":24}},"loc":{"start":{"line":110,"column":44},"end":{"line":113,"column":3}},"line":110},"11":{"name":"(anonymous_11)","decl":{"start":{"line":111,"column":31},"end":{"line":111,"column":32}},"loc":{"start":{"line":111,"column":40},"end":{"line":111,"column":97}},"line":111},"12":{"name":"(anonymous_12)","decl":{"start":{"line":144,"column":14},"end":{"line":144,"column":15}},"loc":{"start":{"line":145,"column":8},"end":{"line":162,"column":14}},"line":145},"13":{"name":"(anonymous_13)","decl":{"start":{"line":150,"column":21},"end":{"line":150,"column":22}},"loc":{"start":{"line":150,"column":27},"end":{"line":150,"column":50}},"line":150},"14":{"name":"(anonymous_14)","decl":{"start":{"line":158,"column":21},"end":{"line":158,"column":22}},"loc":{"start":{"line":158,"column":27},"end":{"line":158,"column":48}},"line":158},"15":{"name":"handleBack","decl":{"start":{"line":167,"column":11},"end":{"line":167,"column":21}},"loc":{"start":{"line":167,"column":23},"end":{"line":169,"column":3}},"line":167},"16":{"name":"(anonymous_16)","decl":{"start":{"line":182,"column":20},"end":{"line":182,"column":21}},"loc":{"start":{"line":182,"column":26},"end":{"line":182,"column":50}},"line":182},"17":{"name":"(anonymous_17)","decl":{"start":{"line":190,"column":20},"end":{"line":190,"column":21}},"loc":{"start":{"line":190,"column":26},"end":{"line":190,"column":54}},"line":190}},"branchMap":{"0":{"loc":{"start":{"line":19,"column":4},"end":{"line":23,"column":5}},"type":"if","locations":[{"start":{"line":19,"column":4},"end":{"line":23,"column":5}},{"start":{},"end":{}}],"line":19},"1":{"loc":{"start":{"line":29,"column":6},"end":{"line":33,"column":7}},"type":"if","locations":[{"start":{"line":29,"column":6},"end":{"line":33,"column":7}},{"start":{},"end":{}}],"line":29},"2":{"loc":{"start":{"line":42,"column":6},"end":{"line":44,"column":7}},"type":"if","locations":[{"start":{"line":42,"column":6},"end":{"line":44,"column":7}},{"start":{},"end":{}}],"line":42},"3":{"loc":{"start":{"line":97,"column":6},"end":{"line":99,"column":7}},"type":"if","locations":[{"start":{"line":97,"column":6},"end":{"line":99,"column":7}},{"start":{},"end":{}}],"line":97},"4":{"loc":{"start":{"line":111,"column":40},"end":{"line":111,"column":97}},"type":"cond-expr","locations":[{"start":{"line":111,"column":75},"end":{"line":111,"column":90}},{"start":{"line":111,"column":93},"end":{"line":111,"column":97}}],"line":111},"5":{"loc":{"start":{"line":193,"column":9},"end":{"line":193,"column":87}},"type":"binary-expr","locations":[{"start":{"line":193,"column":9},"end":{"line":193,"column":23}},{"start":{"line":193,"column":27},"end":{"line":193,"column":87}}],"line":193}},"s":{"0":1,"1":0,"2":0,"3":0,"4":0,"5":0,"6":0,"7":0,"8":0,"9":0,"10":0,"11":0,"12":0,"13":0,"14":0,"15":0,"16":0,"17":0,"18":0,"19":0,"20":0,"21":0,"22":0,"23":0,"24":0,"25":0,"26":0,"27":0,"28":0,"29":0,"30":0,"31":0,"32":0,"33":0,"34":0,"35":0,"36":0,"37":0,"38":0,"39":0,"40":0,"41":0,"42":0,"43":0,"44":0,"45":0,"46":0,"47":0,"48":0,"49":0,"50":0,"51":0,"52":0,"53":0,"54":0,"55":0,"56":0,"57":0,"58":0,"59":0,"60":0,"61":0},"f":{"0":0,"1":0,"2":0,"3":0,"4":0,"5":0,"6":0,"7":0,"8":0,"9":0,"10":0,"11":0,"12":0,"13":0,"14":0,"15":0,"16":0,"17":0},"b":{"0":[0,0],"1":[0,0],"2":[0,0],"3":[0,0],"4":[0,0],"5":[0,0]},"_coverageSchema":"1a1c01bbd47fc00a2c39e90264f33305004495a9","hash":"e9626bcea2d0d1374f343c566366a6dc20b27ac9"}
,"C:\\Users\\Lenovo\\Documents\\Project 2\\frontend\\src\\routes\\CheckSchedule\\component\\Update.js": {"path":"C:\\Users\\Lenovo\\Documents\\Project 2\\frontend\\src\\routes\\CheckSchedule\\component\\Update.js","statementMap":{"0":{"start":{"line":5,"column":21},"end":{"line":5,"column":26}},"1":{"start":{"line":8,"column":19},"end":{"line":8,"column":33}},"2":{"start":{"line":10,"column":4},"end":{"line":24,"column":25}},"3":{"start":{"line":11,"column":8},"end":{"line":23,"column":9}},"4":{"start":{"line":12,"column":12},"end":{"line":22,"column":15}},"5":{"start":{"line":27,"column":8},"end":{"line":55,"column":9}},"6":{"start":{"line":28,"column":28},"end":{"line":36,"column":13}},"7":{"start":{"line":38,"column":29},"end":{"line":44,"column":14}},"8":{"start":{"line":46,"column":12},"end":{"line":48,"column":13}},"9":{"start":{"line":47,"column":16},"end":{"line":47,"column":61}},"10":{"start":{"line":50,"column":12},"end":{"line":50,"column":62}},"11":{"start":{"line":51,"column":12},"end":{"line":51,"column":49}},"12":{"start":{"line":53,"column":12},"end":{"line":53,"column":61}},"13":{"start":{"line":54,"column":12},"end":{"line":54,"column":56}},"14":{"start":{"line":58,"column":4},"end":{"line":133,"column":6}}},"fnMap":{"0":{"name":"Update","decl":{"start":{"line":7,"column":9},"end":{"line":7,"column":15}},"loc":{"start":{"line":7,"column":40},"end":{"line":134,"column":1}},"line":7},"1":{"name":"(anonymous_1)","decl":{"start":{"line":10,"column":14},"end":{"line":10,"column":15}},"loc":{"start":{"line":10,"column":20},"end":{"line":24,"column":5}},"line":10},"2":{"name":"onFinish","decl":{"start":{"line":26,"column":19},"end":{"line":26,"column":27}},"loc":{"start":{"line":26,"column":36},"end":{"line":56,"column":5}},"line":26}},"branchMap":{"0":{"loc":{"start":{"line":11,"column":8},"end":{"line":23,"column":9}},"type":"if","locations":[{"start":{"line":11,"column":8},"end":{"line":23,"column":9}},{"start":{},"end":{}}],"line":11},"1":{"loc":{"start":{"line":46,"column":12},"end":{"line":48,"column":13}},"type":"if","locations":[{"start":{"line":46,"column":12},"end":{"line":48,"column":13}},{"start":{},"end":{}}],"line":46},"2":{"loc":{"start":{"line":104,"column":38},"end":{"line":104,"column":92}},"type":"binary-expr","locations":[{"start":{"line":104,"column":38},"end":{"line":104,"column":46}},{"start":{"line":104,"column":50},"end":{"line":104,"column":92}}],"line":104},"3":{"loc":{"start":{"line":117,"column":28},"end":{"line":120,"column":29}},"type":"binary-expr","locations":[{"start":{"line":117,"column":28},"end":{"line":117,"column":36}},{"start":{"line":117,"column":40},"end":{"line":120,"column":29}}],"line":117}},"s":{"0":1,"1":0,"2":0,"3":0,"4":0,"5":0,"6":0,"7":0,"8":0,"9":0,"10":0,"11":0,"12":0,"13":0,"14":0},"f":{"0":0,"1":0,"2":0},"b":{"0":[0,0],"1":[0,0],"2":[0,0],"3":[0,0]},"_coverageSchema":"1a1c01bbd47fc00a2c39e90264f33305004495a9","hash":"15cd11eec5212c41e5fe6eff3aabca02a8ced03a"}
}
