TN:
SF:src\components\Layout\index.js
FN:10,Layout
FN:19,(anonymous_1)
FN:29,(anonymous_2)
FN:35,(anonymous_3)
FN:44,(anonymous_4)
FNF:5
FNH:4
FNDA:1,Layout
FNDA:1,(anonymous_1)
FNDA:1,(anonymous_2)
FNDA:0,(anonymous_3)
FNDA:1,(anonymous_4)
DA:11,1
DA:12,1
DA:13,1
DA:18,1
DA:19,1
DA:20,1
DA:21,0
DA:29,1
DA:32,1
DA:35,1
DA:36,0
DA:44,1
DA:45,1
DA:49,1
DA:50,1
DA:61,0
LF:16
LH:13
BRDA:20,0,0,0
BRDA:20,0,1,1
BRDA:20,1,0,1
BRDA:20,1,1,0
BRDA:49,2,0,1
BRDA:49,2,1,0
BRDA:53,3,0,1
BRDA:53,3,1,1
BRF:8
BRH:5
end_of_record
TN:
SF:src\routes\CheckRecords\index.js
FN:11,CheckRecords
FN:15,fetchReminders
FN:53,(anonymous_2)
FN:54,fetchData
FN:57,(anonymous_4)
FN:99,handleBack
FNF:6
FNH:0
FNDA:0,CheckRecords
FNDA:0,fetchReminders
FNDA:0,(anonymous_2)
FNDA:0,fetchData
FNDA:0,(anonymous_4)
FNDA:0,handleBack
DA:9,1
DA:12,0
DA:13,0
DA:16,0
DA:17,0
DA:18,0
DA:19,0
DA:20,0
DA:23,0
DA:24,0
DA:25,0
DA:27,0
DA:28,0
DA:29,0
DA:30,0
DA:33,0
DA:40,0
DA:41,0
DA:44,0
DA:45,0
DA:46,0
DA:48,0
DA:49,0
DA:53,0
DA:55,0
DA:56,0
DA:57,0
DA:68,0
DA:71,0
DA:100,0
DA:103,0
LF:31
LH:1
BRDA:17,0,0,0
BRDA:17,0,1,0
BRDA:27,1,0,0
BRDA:27,1,1,0
BRDA:40,2,0,0
BRDA:40,2,1,0
BRF:6
BRH:0
end_of_record
TN:
SF:src\routes\CheckSchedule\index.js
FN:9,CheckSchedule
FN:17,fetchReminders
FN:55,(anonymous_2)
FN:56,fetchData
FN:59,(anonymous_4)
FN:73,(anonymous_5)
FN:78,(anonymous_6)
FN:81,(anonymous_7)
FN:88,deleteReminder
FN:105,(anonymous_9)
FN:110,(anonymous_10)
FN:111,(anonymous_11)
FN:144,(anonymous_12)
FN:150,(anonymous_13)
FN:158,(anonymous_14)
FN:167,handleBack
FN:182,(anonymous_16)
FN:190,(anonymous_17)
FNF:18
FNH:0
FNDA:0,CheckSchedule
FNDA:0,fetchReminders
FNDA:0,(anonymous_2)
FNDA:0,fetchData
FNDA:0,(anonymous_4)
FNDA:0,(anonymous_5)
FNDA:0,(anonymous_6)
FNDA:0,(anonymous_7)
FNDA:0,deleteReminder
FNDA:0,(anonymous_9)
FNDA:0,(anonymous_10)
FNDA:0,(anonymous_11)
FNDA:0,(anonymous_12)
FNDA:0,(anonymous_13)
FNDA:0,(anonymous_14)
FNDA:0,handleBack
FNDA:0,(anonymous_16)
FNDA:0,(anonymous_17)
DA:7,1
DA:10,0
DA:11,0
DA:12,0
DA:13,0
DA:14,0
DA:15,0
DA:18,0
DA:19,0
DA:20,0
DA:21,0
DA:22,0
DA:25,0
DA:26,0
DA:27,0
DA:29,0
DA:30,0
DA:31,0
DA:32,0
DA:35,0
DA:42,0
DA:43,0
DA:46,0
DA:47,0
DA:48,0
DA:50,0
DA:51,0
DA:55,0
DA:57,0
DA:58,0
DA:59,0
DA:70,0
DA:73,0
DA:74,0
DA:75,0
DA:78,0
DA:79,0
DA:80,0
DA:81,0
DA:82,0
DA:84,0
DA:89,0
DA:90,0
DA:97,0
DA:98,0
DA:101,0
DA:105,0
DA:106,0
DA:107,0
DA:110,0
DA:111,0
DA:112,0
DA:115,0
DA:145,0
DA:150,0
DA:158,0
DA:168,0
DA:170,0
DA:182,0
DA:190,0
LF:60
LH:1
BRDA:19,0,0,0
BRDA:19,0,1,0
BRDA:29,1,0,0
BRDA:29,1,1,0
BRDA:42,2,0,0
BRDA:42,2,1,0
BRDA:97,3,0,0
BRDA:97,3,1,0
BRDA:111,4,0,0
BRDA:111,4,1,0
BRDA:193,5,0,0
BRDA:193,5,1,0
BRF:12
BRH:0
end_of_record
TN:
SF:src\routes\CheckSchedule\component\Update.js
FN:7,Update
FN:10,(anonymous_1)
FN:26,onFinish
FNF:3
FNH:0
FNDA:0,Update
FNDA:0,(anonymous_1)
FNDA:0,onFinish
DA:5,1
DA:8,0
DA:10,0
DA:11,0
DA:12,0
DA:27,0
DA:28,0
DA:38,0
DA:46,0
DA:47,0
DA:50,0
DA:51,0
DA:53,0
DA:54,0
DA:58,0
LF:15
LH:1
BRDA:11,0,0,0
BRDA:11,0,1,0
BRDA:46,1,0,0
BRDA:46,1,1,0
BRDA:104,2,0,0
BRDA:104,2,1,0
BRDA:117,3,0,0
BRDA:117,3,1,0
BRF:8
BRH:0
end_of_record
